<?xml version="1.0" encoding="UTF-8"?>
<urlset xmlns="http://www.sitemaps.org/schemas/sitemap/0.9" xmlns:xhtml="http://www.w3.org/1999/xhtml">
  <url>
    <loc>https://www.dinosawmachine.com/</loc>
    <lastmod>2025-10-30</lastmod>
    <changefreq>weekly</changefreq>
    <priority>1.0</priority>
    <xhtml:link rel="alternate" hreflang="en" href="https://www.dinosawmachine.com/"/>
    <xhtml:link rel="alternate" hreflang="zh" href="https://www.dinosawmachine.com/zh/"/>
    <xhtml:link rel="alternate" hreflang="x-default" href="https://www.dinosawmachine.com/"/>
  </url>
</urlset>